# JRE version: OpenJDK Runtime Environment (8.0_202-b03) (build 1.8.0_202-release-1483-b03)
# Java VM: OpenJDK 64-Bit Server VM (25.202-b03 mixed mode windows-amd64 compressed oops)
Heap:
 PSYoungGen      total 428544K, used 93146K [0x00000000e0000000, 0x0000000100000000, 0x0000000100000000)
  eden space 368640K, 18% used [0x00000000e0000000,0x00000000e422b018,0x00000000f6800000)
  from space 59904K, 42% used [0x00000000f6800000,0x00000000f80cbb58,0x00000000fa280000)
  to   space 57856K, 0% used [0x00000000fc780000,0x00000000fc780000,0x0000000100000000)
 ParOldGen       total 140800K, used 93146K [0x00000000a0000000, 0x00000000a8980000, 0x00000000e0000000)
  object space 140800K, 66% used [0x00000000a0000000,0x00000000a5af6888,0x00000000a8980000)
 Metaspace       used 94580K, capacity 99436K, committed 99584K, reserved 1136640K
  class space    used 12252K, capacity 13248K, committed 13312K, reserved 1048576K
GC Heap History (10 events):
Event: 4675.373 GC heap before
{Heap before GC invocations=21 (full 4):
 PSYoungGen      total 297472K, used 29684K [0x00000000e0000000, 0x00000000fa100000, 0x0000000100000000)
  eden space 267776K, 0% used [0x00000000e0000000,0x00000000e0000000,0x00000000f0580000)
  from space 29696K, 99% used [0x00000000f0580000,0x00000000f227d0f0,0x00000000f2280000)
  to   space 51200K, 0% used [0x00000000f6f00000,0x00000000f6f00000,0x00000000fa100000)
 ParOldGen       total 97280K, used 97095K [0x00000000a0000000, 0x00000000a5f00000, 0x00000000e0000000)
  object space 97280K, 99% used [0x00000000a0000000,0x00000000a5ed1ea0,0x00000000a5f00000)
 Metaspace       used 80630K, capacity 84058K, committed 84096K, reserved 1122304K
  class space    used 10362K, capacity 11100K, committed 11136K, reserved 1048576K
Event: 4677.334 GC heap after
Heap after GC invocations=21 (full 4):
 PSYoungGen      total 297472K, used 0K [0x00000000e0000000, 0x00000000fa100000, 0x0000000100000000)
  eden space 267776K, 0% used [0x00000000e0000000,0x00000000e0000000,0x00000000f0580000)
  from space 29696K, 0% used [0x00000000f0580000,0x00000000f0580000,0x00000000f2280000)
  to   space 51200K, 0% used [0x00000000f6f00000,0x00000000f6f00000,0x00000000fa100000)
 ParOldGen       total 140800K, used 56613K [0x00000000a0000000, 0x00000000a8980000, 0x00000000e0000000)
  object space 140800K, 40% used [0x00000000a0000000,0x00000000a3749790,0x00000000a8980000)
 Metaspace       used 79263K, capacity 82152K, committed 84096K, reserved 1122304K
  class space    used 10168K, capacity 10778K, committed 11136K, reserved 1048576K
}
Event: 4689.309 GC heap before
{Heap before GC invocations=22 (full 4):
 PSYoungGen      total 297472K, used 267776K [0x00000000e0000000, 0x00000000fa100000, 0x0000000100000000)
  eden space 267776K, 100% used [0x00000000e0000000,0x00000000f0580000,0x00000000f0580000)
  from space 29696K, 0% used [0x00000000f0580000,0x00000000f0580000,0x00000000f2280000)
  to   space 51200K, 0% used [0x00000000f6f00000,0x00000000f6f00000,0x00000000fa100000)
 ParOldGen       total 140800K, used 56613K [0x00000000a0000000, 0x00000000a8980000, 0x00000000e0000000)
  object space 140800K, 40% used [0x00000000a0000000,0x00000000a3749790,0x00000000a8980000)
 Metaspace       used 86660K, capacity 90260K, committed 90496K, reserved 1128448K
  class space    used 11337K, capacity 12080K, committed 12160K, reserved 1048576K
Event: 4689.497 GC heap after
Heap after GC invocations=22 (full 4):
 PSYoungGen      total 361472K, used 51194K [0x00000000e0000000, 0x00000000fc100000, 0x0000000100000000)
  eden space 310272K, 0% used [0x00000000e0000000,0x00000000e0000000,0x00000000f2f00000)
  from space 51200K, 99% used [0x00000000f6f00000,0x00000000fa0feac0,0x00000000fa100000)
  to   space 65536K, 0% used [0x00000000f2f00000,0x00000000f2f00000,0x00000000f6f00000)
 ParOldGen       total 140800K, used 70998K [0x00000000a0000000, 0x00000000a8980000, 0x00000000e0000000)
  object space 140800K, 50% used [0x00000000a0000000,0x00000000a4555be0,0x00000000a8980000)
 Metaspace       used 86660K, capacity 90260K, committed 90496K, reserved 1128448K
  class space    used 11337K, capacity 12080K, committed 12160K, reserved 1048576K
}
Event: 9861.979 GC heap before
{Heap before GC invocations=23 (full 4):
 PSYoungGen      total 361472K, used 361466K [0x00000000e0000000, 0x00000000fc100000, 0x0000000100000000)
  eden space 310272K, 100% used [0x00000000e0000000,0x00000000f2f00000,0x00000000f2f00000)
  from space 51200K, 99% used [0x00000000f6f00000,0x00000000fa0feac0,0x00000000fa100000)
  to   space 65536K, 0% used [0x00000000f2f00000,0x00000000f2f00000,0x00000000f6f00000)
 ParOldGen       total 140800K, used 70998K [0x00000000a0000000, 0x00000000a8980000, 0x00000000e0000000)
  object space 140800K, 50% used [0x00000000a0000000,0x00000000a4555be0,0x00000000a8980000)
 Metaspace       used 90028K, capacity 94266K, committed 94464K, reserved 1130496K
  class space    used 11804K, capacity 12689K, committed 12800K, reserved 1048576K
Event: 9863.099 GC heap after
Heap after GC invocations=23 (full 4):
 PSYoungGen      total 375808K, used 16474K [0x00000000e0000000, 0x00000000fe580000, 0x0000000100000000)
  eden space 310272K, 0% used [0x00000000e0000000,0x00000000e0000000,0x00000000f2f00000)
  from space 65536K, 25% used [0x00000000f2f00000,0x00000000f3f16a50,0x00000000f6f00000)
  to   space 62464K, 0% used [0x00000000fa880000,0x00000000fa880000,0x00000000fe580000)
 ParOldGen       total 140800K, used 82919K [0x00000000a0000000, 0x00000000a8980000, 0x00000000e0000000)
  object space 140800K, 58% used [0x00000000a0000000,0x00000000a50f9e58,0x00000000a8980000)
 Metaspace       used 90028K, capacity 94266K, committed 94464K, reserved 1130496K
  class space    used 11804K, capacity 12689K, committed 12800K, reserved 1048576K
}
Event: 9880.946 GC heap before
{Heap before GC invocations=24 (full 4):
 PSYoungGen      total 375808K, used 326746K [0x00000000e0000000, 0x00000000fe580000, 0x0000000100000000)
  eden space 310272K, 100% used [0x00000000e0000000,0x00000000f2f00000,0x00000000f2f00000)
  from space 65536K, 25% used [0x00000000f2f00000,0x00000000f3f16a50,0x00000000f6f00000)
  to   space 62464K, 0% used [0x00000000fa880000,0x00000000fa880000,0x00000000fe580000)
 ParOldGen       total 140800K, used 82919K [0x00000000a0000000, 0x00000000a8980000, 0x00000000e0000000)
  object space 140800K, 58% used [0x00000000a0000000,0x00000000a50f9e58,0x00000000a8980000)
 Metaspace       used 92323K, capacity 96818K, committed 97024K, reserved 1132544K
  class space    used 12005K, capacity 12931K, committed 13056K, reserved 1048576K
Event: 9881.109 GC heap after
Heap after GC invocations=24 (full 4):
 PSYoungGen      total 422400K, used 11007K [0x00000000e0000000, 0x00000000fdd00000, 0x0000000100000000)
  eden space 368640K, 0% used [0x00000000e0000000,0x00000000e0000000,0x00000000f6800000)
  from space 53760K, 20% used [0x00000000fa880000,0x00000000fb33fdc8,0x00000000fdd00000)
  to   space 59904K, 0% used [0x00000000f6800000,0x00000000f6800000,0x00000000fa280000)
 ParOldGen       total 140800K, used 93138K [0x00000000a0000000, 0x00000000a8980000, 0x00000000e0000000)
  object space 140800K, 66% used [0x00000000a0000000,0x00000000a5af4888,0x00000000a8980000)
 Metaspace       used 92323K, capacity 96818K, committed 97024K, reserved 1132544K
  class space    used 12005K, capacity 12931K, committed 13056K, reserved 1048576K
}
Event: 12454.089 GC heap before
{Heap before GC invocations=25 (full 4):
 PSYoungGen      total 422400K, used 378534K [0x00000000e0000000, 0x00000000fdd00000, 0x0000000100000000)
  eden space 368640K, 99% used [0x00000000e0000000,0x00000000f66e9ba8,0x00000000f6800000)
  from space 53760K, 20% used [0x00000000fa880000,0x00000000fb33fdc8,0x00000000fdd00000)
  to   space 59904K, 0% used [0x00000000f6800000,0x00000000f6800000,0x00000000fa280000)
 ParOldGen       total 140800K, used 93138K [0x00000000a0000000, 0x00000000a8980000, 0x00000000e0000000)
  object space 140800K, 66% used [0x00000000a0000000,0x00000000a5af4888,0x00000000a8980000)
 Metaspace       used 94192K, capacity 99050K, committed 99328K, reserved 1134592K
  class space    used 12205K, capacity 13187K, committed 13312K, reserved 1048576K
Event: 12455.512 GC heap after
Heap after GC invocations=25 (full 4):
 PSYoungGen      total 428544K, used 25390K [0x00000000e0000000, 0x0000000100000000, 0x0000000100000000)
  eden space 368640K, 0% used [0x00000000e0000000,0x00000000e0000000,0x00000000f6800000)
  from space 59904K, 42% used [0x00000000f6800000,0x00000000f80cbb58,0x00000000fa280000)
  to   space 57856K, 0% used [0x00000000fc780000,0x00000000fc780000,0x0000000100000000)
 ParOldGen       total 140800K, used 93146K [0x00000000a0000000, 0x00000000a8980000, 0x00000000e0000000)
  object space 140800K, 66% used [0x00000000a0000000,0x00000000a5af6888,0x00000000a8980000)
 Metaspace       used 94192K, capacity 99050K, committed 99328K, reserved 1134592K
  class space    used 12205K, capacity 13187K, committed 13312K, reserved 1048576K
}

